<?xml version="1.0" encoding="UTF-8"?>
<robot generator="Robot 4.1.3 (Python 3.9.7 on win32)" generated="20211227 18:08:49.024" rpa="true" schemaversion="2">
<suite id="s1" name="Tasks" source="d:\RobotFramework\tasks.robot">
<test id="s1-t1" name="Sangoma task">
<kw name="Connect To Sangoma" library="tasks">
<msg timestamp="20211227 18:08:50.539" level="INFO">Creating an instance of the Chrome WebDriver.</msg>
<msg timestamp="20211227 18:08:50.550" level="INFO">Created download root directory: C:\Users\albel\AppData\Local\robocorp\webdrivers</msg>
<msg timestamp="20211227 18:08:50.551" level="INFO">Created symlink directory: C:\Users\albel\AppData\Local\robocorp\webdrivers</msg>
<msg timestamp="20211227 18:08:50.552" level="INFO">Creating an instance of the Chrome WebDriver.</msg>
<msg timestamp="20211227 18:08:52.080" level="INFO">Created Chrome browser with arguments: --disable-dev-shm-usage --disable-web-security --allow-running-insecure-content --no-sandbox</msg>
<msg timestamp="20211227 18:08:52.080" level="INFO" html="true">&lt;p&gt;Attempted combinations:&lt;/p&gt;&lt;div class="doc"&gt;&lt;table&gt;&lt;tr&gt;&lt;th&gt;Browser&lt;/th&gt;&lt;th&gt;Download&lt;/th&gt;&lt;th&gt;Error&lt;/th&gt;&lt;/tr&gt;&lt;tr&gt;&lt;td&gt;Chrome&lt;/td&gt;&lt;td&gt;False&lt;/td&gt;&lt;td&gt;Message: 'chromedriver' executable needs to be in PATH. Please see https://sites.google.com/a/chromium.org/chromedriver/home
&lt;/td&gt;&lt;/tr&gt;&lt;tr&gt;&lt;td&gt;Chrome&lt;/td&gt;&lt;td&gt;True&lt;/td&gt;&lt;td&gt;&lt;/td&gt;&lt;/tr&gt;&lt;/table&gt;&lt;/div&gt;</msg>
<msg timestamp="20211227 18:08:52.080" level="INFO">Opening url 'https://portal.sangoma.com/'</msg>
<msg timestamp="20211227 18:08:53.623" level="INFO">Typing text 'aidemobot@gmail.com' into text field 'id:email_address'.</msg>
<msg timestamp="20211227 18:08:53.696" level="INFO">Typing text 'Dasilva2010' into text field 'id:password'.</msg>
<msg timestamp="20211227 18:08:53.775" level="INFO">Clicking button 'css=button[class="btn btn-primary btn-block"]'.</msg>
<msg timestamp="20211227 18:08:56.572" level="INFO">Clicking element '//span[text()='Users/Customers']'.</msg>
<msg timestamp="20211227 18:08:56.613" level="INFO">Clicking element '//a[text()='List Users']'.</msg>
<msg timestamp="20211227 18:09:02.356" level="INFO" html="true">Connection to Sangoma has been completed.</msg>
<status status="PASS" starttime="20211227 18:08:50.517" endtime="20211227 18:09:02.356"/>
</kw>
<kw name="Log" library="BuiltIn">
<arg>${TODAY}</arg>
<doc>Logs the given message with the given level.</doc>
<msg timestamp="20211227 18:09:02.359" level="INFO">2021-12-27 18:08:50.508610</msg>
<status status="PASS" starttime="20211227 18:09:02.358" endtime="20211227 18:09:02.360"/>
</kw>
<status status="PASS" starttime="20211227 18:08:50.514" endtime="20211227 18:09:02.361"/>
</test>
<doc>Robot that connect to Sangoma website.</doc>
<status status="PASS" starttime="20211227 18:08:49.031" endtime="20211227 18:09:02.366"/>
</suite>
<statistics>
<total>
<stat pass="1" fail="0" skip="0">All Tasks</stat>
</total>
<tag>
</tag>
<suite>
<stat pass="1" fail="0" skip="0" id="s1" name="Tasks">Tasks</stat>
</suite>
</statistics>
<errors>
</errors>
</robot>
